  Main.cpp
C:\gitHUB\OOP4_Proj4\OOP3_Proj4\oopmon.cpp(53,17): warning C4244: '인수': 'double'에서 'int'(으)로 변환하면서 데이터가 손실될 수 있습니다.
C:\gitHUB\OOP4_Proj4\OOP3_Proj4\oopmon.cpp(53,38): warning C4244: '인수': 'double'에서 'int'(으)로 변환하면서 데이터가 손실될 수 있습니다.
C:\gitHUB\OOP4_Proj4\OOP3_Proj4\oopmon.cpp(91,29): warning C4244: 'return': 'double'에서 'int'(으)로 변환하면서 데이터가 손실될 수 있습니다.
C:\gitHUB\OOP4_Proj4\OOP3_Proj4\oopmon.cpp(92,29): warning C4244: 'return': 'double'에서 'int'(으)로 변환하면서 데이터가 손실될 수 있습니다.
C:\gitHUB\OOP4_Proj4\OOP3_Proj4\oopmon.cpp(129,20): warning C4244: '-=': 'double'에서 'int'(으)로 변환하면서 데이터가 손실될 수 있습니다.
C:\gitHUB\OOP4_Proj4\OOP3_Proj4\oopmon.cpp(138,22): warning C4244: '-=': 'double'에서 'int'(으)로 변환하면서 데이터가 손실될 수 있습니다.
C:\gitHUB\OOP4_Proj4\OOP3_Proj4\oopmon.cpp(147,22): warning C4244: '-=': 'double'에서 'int'(으)로 변환하면서 데이터가 손실될 수 있습니다.
C:\gitHUB\OOP4_Proj4\OOP3_Proj4\oopmon.cpp(186,89): warning C4244: 'return': 'double'에서 'int'(으)로 변환하면서 데이터가 손실될 수 있습니다.
C:\gitHUB\OOP4_Proj4\OOP3_Proj4\oopmon.cpp(187,92): warning C4244: 'return': 'double'에서 'int'(으)로 변환하면서 데이터가 손실될 수 있습니다.
  Map.cpp
C:\gitHUB\OOP4_Proj4\OOP3_Proj4\Map.cpp(1,1): warning C4819: 현재 코드 페이지(949)에서 표시할 수 없는 문자가 파일에 들어 있습니다. 데이터가 손실되지 않게 하려면 해당 파일을 유니코드 형식으로 저장하십시오.
C:\gitHUB\OOP4_Proj4\OOP3_Proj4\oopmon.cpp(53,17): warning C4244: '인수': 'double'에서 'int'(으)로 변환하면서 데이터가 손실될 수 있습니다.
C:\gitHUB\OOP4_Proj4\OOP3_Proj4\oopmon.cpp(53,38): warning C4244: '인수': 'double'에서 'int'(으)로 변환하면서 데이터가 손실될 수 있습니다.
C:\gitHUB\OOP4_Proj4\OOP3_Proj4\oopmon.cpp(91,29): warning C4244: 'return': 'double'에서 'int'(으)로 변환하면서 데이터가 손실될 수 있습니다.
C:\gitHUB\OOP4_Proj4\OOP3_Proj4\oopmon.cpp(92,29): warning C4244: 'return': 'double'에서 'int'(으)로 변환하면서 데이터가 손실될 수 있습니다.
C:\gitHUB\OOP4_Proj4\OOP3_Proj4\oopmon.cpp(129,20): warning C4244: '-=': 'double'에서 'int'(으)로 변환하면서 데이터가 손실될 수 있습니다.
C:\gitHUB\OOP4_Proj4\OOP3_Proj4\oopmon.cpp(138,22): warning C4244: '-=': 'double'에서 'int'(으)로 변환하면서 데이터가 손실될 수 있습니다.
C:\gitHUB\OOP4_Proj4\OOP3_Proj4\oopmon.cpp(147,22): warning C4244: '-=': 'double'에서 'int'(으)로 변환하면서 데이터가 손실될 수 있습니다.
C:\gitHUB\OOP4_Proj4\OOP3_Proj4\oopmon.cpp(186,89): warning C4244: 'return': 'double'에서 'int'(으)로 변환하면서 데이터가 손실될 수 있습니다.
C:\gitHUB\OOP4_Proj4\OOP3_Proj4\oopmon.cpp(187,92): warning C4244: 'return': 'double'에서 'int'(으)로 변환하면서 데이터가 손실될 수 있습니다.
C:\gitHUB\OOP4_Proj4\OOP3_Proj4\Map.cpp(126,66): warning C4244: '인수': 'int'에서 'float'(으)로 변환하면서 데이터가 손실될 수 있습니다.
C:\gitHUB\OOP4_Proj4\OOP3_Proj4\Map.cpp(126,46): warning C4244: '인수': 'int'에서 'float'(으)로 변환하면서 데이터가 손실될 수 있습니다.
C:\gitHUB\OOP4_Proj4\OOP3_Proj4\Map.cpp(134,65): warning C4244: '인수': 'int'에서 'float'(으)로 변환하면서 데이터가 손실될 수 있습니다.
C:\gitHUB\OOP4_Proj4\OOP3_Proj4\Map.cpp(134,45): warning C4244: '인수': 'int'에서 'float'(으)로 변환하면서 데이터가 손실될 수 있습니다.
C:\gitHUB\OOP4_Proj4\OOP3_Proj4\Map.cpp(141,65): warning C4244: '인수': 'int'에서 'float'(으)로 변환하면서 데이터가 손실될 수 있습니다.
C:\gitHUB\OOP4_Proj4\OOP3_Proj4\Map.cpp(141,45): warning C4244: '인수': 'int'에서 'float'(으)로 변환하면서 데이터가 손실될 수 있습니다.
C:\gitHUB\OOP4_Proj4\OOP3_Proj4\Map.cpp(148,65): warning C4244: '인수': 'int'에서 'float'(으)로 변환하면서 데이터가 손실될 수 있습니다.
C:\gitHUB\OOP4_Proj4\OOP3_Proj4\Map.cpp(148,45): warning C4244: '인수': 'int'에서 'float'(으)로 변환하면서 데이터가 손실될 수 있습니다.
C:\gitHUB\OOP4_Proj4\OOP3_Proj4\Map.cpp(155,65): warning C4244: '인수': 'int'에서 'float'(으)로 변환하면서 데이터가 손실될 수 있습니다.
C:\gitHUB\OOP4_Proj4\OOP3_Proj4\Map.cpp(155,45): warning C4244: '인수': 'int'에서 'float'(으)로 변환하면서 데이터가 손실될 수 있습니다.
C:\gitHUB\OOP4_Proj4\OOP3_Proj4\Map.cpp(163,61): warning C4244: '인수': 'int'에서 'float'(으)로 변환하면서 데이터가 손실될 수 있습니다.
C:\gitHUB\OOP4_Proj4\OOP3_Proj4\Map.cpp(163,41): warning C4244: '인수': 'int'에서 'float'(으)로 변환하면서 데이터가 손실될 수 있습니다.
C:\gitHUB\OOP4_Proj4\OOP3_Proj4\Map.cpp(169,61): warning C4244: '인수': 'int'에서 'float'(으)로 변환하면서 데이터가 손실될 수 있습니다.
C:\gitHUB\OOP4_Proj4\OOP3_Proj4\Map.cpp(169,41): warning C4244: '인수': 'int'에서 'float'(으)로 변환하면서 데이터가 손실될 수 있습니다.
C:\gitHUB\OOP4_Proj4\OOP3_Proj4\Map.cpp(178,61): warning C4244: '인수': 'int'에서 'float'(으)로 변환하면서 데이터가 손실될 수 있습니다.
C:\gitHUB\OOP4_Proj4\OOP3_Proj4\Map.cpp(178,41): warning C4244: '인수': 'int'에서 'float'(으)로 변환하면서 데이터가 손실될 수 있습니다.
C:\gitHUB\OOP4_Proj4\OOP3_Proj4\Map.cpp(193,66): warning C4244: '인수': 'int'에서 'float'(으)로 변환하면서 데이터가 손실될 수 있습니다.
C:\gitHUB\OOP4_Proj4\OOP3_Proj4\Map.cpp(193,46): warning C4244: '인수': 'int'에서 'float'(으)로 변환하면서 데이터가 손실될 수 있습니다.
C:\gitHUB\OOP4_Proj4\OOP3_Proj4\Map.cpp(207,43): warning C4244: '인수': 'int'에서 'float'(으)로 변환하면서 데이터가 손실될 수 있습니다.
C:\gitHUB\OOP4_Proj4\OOP3_Proj4\Map.cpp(207,23): warning C4244: '인수': 'int'에서 'float'(으)로 변환하면서 데이터가 손실될 수 있습니다.
C:\gitHUB\OOP4_Proj4\OOP3_Proj4\Map.cpp(215,55): warning C4244: '인수': 'int'에서 'float'(으)로 변환하면서 데이터가 손실될 수 있습니다.
C:\gitHUB\OOP4_Proj4\OOP3_Proj4\Map.cpp(215,31): warning C4244: '인수': 'int'에서 'float'(으)로 변환하면서 데이터가 손실될 수 있습니다.
  SideWindow.cpp
C:\gitHUB\OOP4_Proj4\OOP3_Proj4\oopmon.cpp(53,17): warning C4244: '인수': 'double'에서 'int'(으)로 변환하면서 데이터가 손실될 수 있습니다.
C:\gitHUB\OOP4_Proj4\OOP3_Proj4\oopmon.cpp(53,38): warning C4244: '인수': 'double'에서 'int'(으)로 변환하면서 데이터가 손실될 수 있습니다.
C:\gitHUB\OOP4_Proj4\OOP3_Proj4\oopmon.cpp(91,29): warning C4244: 'return': 'double'에서 'int'(으)로 변환하면서 데이터가 손실될 수 있습니다.
C:\gitHUB\OOP4_Proj4\OOP3_Proj4\oopmon.cpp(92,29): warning C4244: 'return': 'double'에서 'int'(으)로 변환하면서 데이터가 손실될 수 있습니다.
C:\gitHUB\OOP4_Proj4\OOP3_Proj4\oopmon.cpp(129,20): warning C4244: '-=': 'double'에서 'int'(으)로 변환하면서 데이터가 손실될 수 있습니다.
C:\gitHUB\OOP4_Proj4\OOP3_Proj4\oopmon.cpp(138,22): warning C4244: '-=': 'double'에서 'int'(으)로 변환하면서 데이터가 손실될 수 있습니다.
C:\gitHUB\OOP4_Proj4\OOP3_Proj4\oopmon.cpp(147,22): warning C4244: '-=': 'double'에서 'int'(으)로 변환하면서 데이터가 손실될 수 있습니다.
C:\gitHUB\OOP4_Proj4\OOP3_Proj4\oopmon.cpp(186,89): warning C4244: 'return': 'double'에서 'int'(으)로 변환하면서 데이터가 손실될 수 있습니다.
C:\gitHUB\OOP4_Proj4\OOP3_Proj4\oopmon.cpp(187,92): warning C4244: 'return': 'double'에서 'int'(으)로 변환하면서 데이터가 손실될 수 있습니다.
  oopmon.cpp
C:\gitHUB\OOP4_Proj4\OOP3_Proj4\oopmon.cpp(53,17): warning C4244: '인수': 'double'에서 'int'(으)로 변환하면서 데이터가 손실될 수 있습니다.
C:\gitHUB\OOP4_Proj4\OOP3_Proj4\oopmon.cpp(53,38): warning C4244: '인수': 'double'에서 'int'(으)로 변환하면서 데이터가 손실될 수 있습니다.
C:\gitHUB\OOP4_Proj4\OOP3_Proj4\oopmon.cpp(91,29): warning C4244: 'return': 'double'에서 'int'(으)로 변환하면서 데이터가 손실될 수 있습니다.
C:\gitHUB\OOP4_Proj4\OOP3_Proj4\oopmon.cpp(92,29): warning C4244: 'return': 'double'에서 'int'(으)로 변환하면서 데이터가 손실될 수 있습니다.
C:\gitHUB\OOP4_Proj4\OOP3_Proj4\oopmon.cpp(129,20): warning C4244: '-=': 'double'에서 'int'(으)로 변환하면서 데이터가 손실될 수 있습니다.
C:\gitHUB\OOP4_Proj4\OOP3_Proj4\oopmon.cpp(138,22): warning C4244: '-=': 'double'에서 'int'(으)로 변환하면서 데이터가 손실될 수 있습니다.
C:\gitHUB\OOP4_Proj4\OOP3_Proj4\oopmon.cpp(147,22): warning C4244: '-=': 'double'에서 'int'(으)로 변환하면서 데이터가 손실될 수 있습니다.
C:\gitHUB\OOP4_Proj4\OOP3_Proj4\oopmon.cpp(186,89): warning C4244: 'return': 'double'에서 'int'(으)로 변환하면서 데이터가 손실될 수 있습니다.
C:\gitHUB\OOP4_Proj4\OOP3_Proj4\oopmon.cpp(187,92): warning C4244: 'return': 'double'에서 'int'(으)로 변환하면서 데이터가 손실될 수 있습니다.
  player.cpp
C:\gitHUB\OOP4_Proj4\OOP3_Proj4\oopmon.cpp(53,17): warning C4244: '인수': 'double'에서 'int'(으)로 변환하면서 데이터가 손실될 수 있습니다.
C:\gitHUB\OOP4_Proj4\OOP3_Proj4\oopmon.cpp(53,38): warning C4244: '인수': 'double'에서 'int'(으)로 변환하면서 데이터가 손실될 수 있습니다.
C:\gitHUB\OOP4_Proj4\OOP3_Proj4\oopmon.cpp(91,29): warning C4244: 'return': 'double'에서 'int'(으)로 변환하면서 데이터가 손실될 수 있습니다.
C:\gitHUB\OOP4_Proj4\OOP3_Proj4\oopmon.cpp(92,29): warning C4244: 'return': 'double'에서 'int'(으)로 변환하면서 데이터가 손실될 수 있습니다.
C:\gitHUB\OOP4_Proj4\OOP3_Proj4\oopmon.cpp(129,20): warning C4244: '-=': 'double'에서 'int'(으)로 변환하면서 데이터가 손실될 수 있습니다.
C:\gitHUB\OOP4_Proj4\OOP3_Proj4\oopmon.cpp(138,22): warning C4244: '-=': 'double'에서 'int'(으)로 변환하면서 데이터가 손실될 수 있습니다.
C:\gitHUB\OOP4_Proj4\OOP3_Proj4\oopmon.cpp(147,22): warning C4244: '-=': 'double'에서 'int'(으)로 변환하면서 데이터가 손실될 수 있습니다.
C:\gitHUB\OOP4_Proj4\OOP3_Proj4\oopmon.cpp(186,89): warning C4244: 'return': 'double'에서 'int'(으)로 변환하면서 데이터가 손실될 수 있습니다.
C:\gitHUB\OOP4_Proj4\OOP3_Proj4\oopmon.cpp(187,92): warning C4244: 'return': 'double'에서 'int'(으)로 변환하면서 데이터가 손실될 수 있습니다.
  코드를 생성하고 있습니다...
  OOP3_Proj4.vcxproj -> C:\gitHUB\OOP4_Proj4\x64\Debug\OOP3_Proj4.exe
